<?xml version="1.0" encoding="UTF-8"?>
<testsuite name="ch.fhnw.algd1.maxsubsequence.MaxSubProblemTest" tests="1" skipped="0" failures="0" errors="0" timestamp="2019-10-08T14:52:09" hostname="LAPTOP-TO347PSD" time="0.002">
  <properties/>
  <testcase name="testOneStepMaxAt0" classname="ch.fhnw.algd1.maxsubsequence.MaxSubProblemTest" time="0.002"/>
  <system-out><![CDATA[]]></system-out>
  <system-err><![CDATA[]]></system-err>
</testsuite>
